Using pre-set license

 COMMAND LINE ARGUMENTS:
/Applications/Unity/2020.2.1f1/Unity.app/Contents/MacOS/Unity
-adb2
-batchMode
-noUpm
-name
AssetImportWorker0
-projectPath
/Users/joelcamilofernandes/Desktop/Unity 2020/Unity Project
-logFile
Logs/AssetImportWorker0.log
-srvPort
50594
Successfully changed project path to: /Users/joelcamilofernandes/Desktop/Unity 2020/Unity Project
/Users/joelcamilofernandes/Desktop/Unity 2020/Unity Project
Using Asset Import Pipeline V2.
Refreshing native plugins compatible for Editor in 42.66 ms, found 1 plugins.
Preloading 0 native plugins for Editor in 0.00 ms.
Initialize engine version: 2020.2.1f1 (270dd8c3da1c)
[Subsystems] Discovering subsystems at path /Applications/Unity/2020.2.1f1/Unity.app/Contents/Resources/UnitySubsystems
[Subsystems] Discovering subsystems at path /Users/joelcamilofernandes/Desktop/Unity 2020/Unity Project/Assets
GfxDevice: creating device client; threaded=0
2021-01-25 10:26:17.395 Unity[43149:1748061] Color LCD preferred device: Intel(R) Iris(TM) Graphics 6000 (low power)
2021-01-25 10:26:17.395 Unity[43149:1748061] Metal devices available: 1
2021-01-25 10:26:17.395 Unity[43149:1748061] 0: Intel(R) Iris(TM) Graphics 6000 (low power)
2021-01-25 10:26:17.396 Unity[43149:1748061] Using device Intel(R) Iris(TM) Graphics 6000 (low power)
Initializing Metal device caps: Intel(R) Iris(TM) Graphics 6000
Initialize mono
Mono path[0] = '/Applications/Unity/2020.2.1f1/Unity.app/Contents/Managed'
Mono path[1] = '/Applications/Unity/2020.2.1f1/Unity.app/Contents/MonoBleedingEdge/lib/mono/unityjit'
Mono config path = '/Applications/Unity/2020.2.1f1/Unity.app/Contents/MonoBleedingEdge/etc'
Using monoOptions --debugger-agent=transport=dt_socket,embedding=1,server=y,suspend=n,address=127.0.0.1:56149
Begin MonoManager ReloadAssembly
Registering precompiled unity dll's ...
Register platform support module: /Applications/Unity/2020.2.1f1/Unity.app/Contents/PlaybackEngines/MacStandaloneSupport/UnityEditor.OSXStandalone.Extensions.dll
Registered in 0.000646 seconds.
Native extension for OSXStandalone target not found
Refreshing native plugins compatible for Editor in 40.55 ms, found 1 plugins.
Preloading 0 native plugins for Editor in 0.00 ms.
Invoked RoslynAnalysisRunner static constructor.
RoslynAnalysisRunner will not be running.
RoslynAnalysisRunner has terminated.
Mono: successfully reloaded assembly
- Completed reload, in  5.442 seconds
Platform modules already initialized, skipping
Registering precompiled user dll's ...
Registered in 0.000491 seconds.
Begin MonoManager ReloadAssembly
Native extension for OSXStandalone target not found
Refreshing native plugins compatible for Editor in 0.24 ms, found 1 plugins.
Preloading 0 native plugins for Editor in 0.00 ms.
Invoked RoslynAnalysisRunner static constructor.
RoslynAnalysisRunner will not be running.
RoslynAnalysisRunner has terminated.
Mono: successfully reloaded assembly
- Completed reload, in  1.907 seconds
Platform modules already initialized, skipping
========================================================================
Worker process is ready to serve import requests
Launching external process: /Applications/Unity/2020.2.1f1/Unity.app/Contents/Tools/UnityShaderCompiler
Launched and connected shader compiler UnityShaderCompiler after 0.02 seconds
Refreshing native plugins compatible for Editor in 0.22 ms, found 1 plugins.
Preloading 0 native plugins for Editor in 0.00 ms.
Unloading 1094 Unused Serialized files (Serialized files now loaded: 0)
System memory in use before: 110.5 MB.
System memory in use after: 110.5 MB.

Unloading 10 unused Assets to reduce memory usage. Loaded Objects now: 1533.
Total: 4.437885 ms (FindLiveObjects: 0.394598 ms CreateObjectMapping: 0.158643 ms MarkObjects: 3.787121 ms  DeleteObjects: 0.095323 ms)

========================================================================
Received Import Request.
  path: Assets
  artifactKey: Guid(00000000000000001000000000000000) Importer(815301076,1909f56bfc062723c751e8b465ee728b)
Start importing Assets using Guid(00000000000000001000000000000000) Importer(815301076,1909f56bfc062723c751e8b465ee728b)  -> (artifact id: 'e1a2c4dac9df7c17871e19a3b74f0e9f') in 0.005672 seconds
  Import took 0.008567 seconds .

